{"/Users/lulin/coding/dm_jsx_flow/src/main.tsx": {"path":"/Users/lulin/coding/dm_jsx_flow/src/main.tsx","all":true,"statementMap":{"0":{"start":{"line":1,"column":0},"end":{"line":1,"column":25}},"1":{"start":{"line":2,"column":0},"end":{"line":2,"column":39}},"2":{"start":{"line":3,"column":0},"end":{"line":3,"column":40}},"3":{"start":{"line":4,"column":0},"end":{"line":4,"column":0}},"4":{"start":{"line":5,"column":0},"end":{"line":5,"column":61}},"5":{"start":{"line":6,"column":0},"end":{"line":6,"column":20}},"6":{"start":{"line":7,"column":0},"end":{"line":7,"column":11}},"7":{"start":{"line":8,"column":0},"end":{"line":8,"column":22}},"8":{"start":{"line":9,"column":0},"end":{"line":9,"column":1}}},"s":{"0":0,"1":0,"2":0,"3":0,"4":0,"5":0,"6":0,"7":0,"8":0},"branchMap":{"0":{"type":"branch","line":1,"loc":{"start":{"line":1,"column":227},"end":{"line":9,"column":1}},"locations":[{"start":{"line":1,"column":227},"end":{"line":9,"column":1}}]}},"b":{"0":[0]},"fnMap":{"0":{"name":"(empty-report)","decl":{"start":{"line":1,"column":227},"end":{"line":9,"column":1}},"loc":{"start":{"line":1,"column":227},"end":{"line":9,"column":1}},"line":1}},"f":{"0":0}}
,"/Users/lulin/coding/dm_jsx_flow/src/components/Portal.tsx": {"path":"/Users/lulin/coding/dm_jsx_flow/src/components/Portal.tsx","all":false,"statementMap":{"0":{"start":{"line":1,"column":0},"end":{"line":1,"column":50}},"1":{"start":{"line":2,"column":0},"end":{"line":2,"column":40}},"2":{"start":{"line":3,"column":0},"end":{"line":3,"column":0}},"3":{"start":{"line":4,"column":0},"end":{"line":4,"column":30}},"4":{"start":{"line":5,"column":0},"end":{"line":5,"column":33}},"5":{"start":{"line":6,"column":0},"end":{"line":6,"column":28}},"6":{"start":{"line":7,"column":0},"end":{"line":7,"column":1}},"7":{"start":{"line":8,"column":0},"end":{"line":8,"column":0}},"8":{"start":{"line":9,"column":0},"end":{"line":9,"column":44}},"9":{"start":{"line":10,"column":0},"end":{"line":10,"column":40}},"10":{"start":{"line":11,"column":0},"end":{"line":11,"column":39}},"11":{"start":{"line":12,"column":0},"end":{"line":12,"column":21}},"12":{"start":{"line":13,"column":0},"end":{"line":13,"column":27}},"13":{"start":{"line":14,"column":0},"end":{"line":14,"column":5}},"14":{"start":{"line":15,"column":0},"end":{"line":15,"column":21}},"15":{"start":{"line":16,"column":0},"end":{"line":16,"column":18}},"16":{"start":{"line":17,"column":0},"end":{"line":17,"column":0}},"17":{"start":{"line":18,"column":0},"end":{"line":18,"column":19}},"18":{"start":{"line":19,"column":0},"end":{"line":19,"column":45}},"19":{"start":{"line":20,"column":0},"end":{"line":20,"column":34}},"20":{"start":{"line":21,"column":0},"end":{"line":21,"column":0}},"21":{"start":{"line":22,"column":0},"end":{"line":22,"column":41}},"22":{"start":{"line":23,"column":0},"end":{"line":23,"column":26}},"23":{"start":{"line":24,"column":0},"end":{"line":24,"column":0}},"24":{"start":{"line":25,"column":0},"end":{"line":25,"column":18}},"25":{"start":{"line":26,"column":0},"end":{"line":26,"column":17}},"26":{"start":{"line":27,"column":0},"end":{"line":27,"column":23}},"27":{"start":{"line":28,"column":0},"end":{"line":28,"column":7}},"28":{"start":{"line":29,"column":0},"end":{"line":29,"column":36}},"29":{"start":{"line":30,"column":0},"end":{"line":30,"column":6}},"30":{"start":{"line":31,"column":0},"end":{"line":31,"column":32}},"31":{"start":{"line":32,"column":0},"end":{"line":32,"column":0}},"32":{"start":{"line":33,"column":0},"end":{"line":33,"column":14}},"33":{"start":{"line":34,"column":0},"end":{"line":34,"column":1}}},"s":{"0":1,"1":1,"2":1,"3":1,"4":1,"5":1,"6":1,"7":1,"8":1,"9":4,"10":4,"11":3,"12":1,"13":1,"14":2,"15":4,"16":4,"17":4,"18":3,"19":3,"20":3,"21":3,"22":3,"23":3,"24":3,"25":1,"26":1,"27":1,"28":1,"29":1,"30":4,"31":4,"32":4,"33":4},"branchMap":{"0":{"type":"branch","line":9,"loc":{"start":{"line":9,"column":7},"end":{"line":34,"column":1}},"locations":[{"start":{"line":9,"column":7},"end":{"line":34,"column":1}}]},"1":{"type":"branch","line":11,"loc":{"start":{"line":11,"column":32},"end":{"line":16,"column":5}},"locations":[{"start":{"line":11,"column":32},"end":{"line":16,"column":5}}]},"2":{"type":"branch","line":12,"loc":{"start":{"line":12,"column":20},"end":{"line":14,"column":5}},"locations":[{"start":{"line":12,"column":20},"end":{"line":14,"column":5}}]},"3":{"type":"branch","line":14,"loc":{"start":{"line":14,"column":4},"end":{"line":15,"column":21}},"locations":[{"start":{"line":14,"column":4},"end":{"line":15,"column":21}}]},"4":{"type":"branch","line":18,"loc":{"start":{"line":18,"column":12},"end":{"line":31,"column":5}},"locations":[{"start":{"line":18,"column":12},"end":{"line":31,"column":5}}]},"5":{"type":"branch","line":25,"loc":{"start":{"line":25,"column":11},"end":{"line":30,"column":6}},"locations":[{"start":{"line":25,"column":11},"end":{"line":30,"column":6}}]}},"b":{"0":[4],"1":[3],"2":[1],"3":[2],"4":[3],"5":[1]},"fnMap":{"0":{"name":"Portal","decl":{"start":{"line":9,"column":7},"end":{"line":34,"column":1}},"loc":{"start":{"line":9,"column":7},"end":{"line":34,"column":1}},"line":9}},"f":{"0":4}}
,"/Users/lulin/coding/dm_jsx_flow/src/components/index.ts": {"path":"/Users/lulin/coding/dm_jsx_flow/src/components/index.ts","all":false,"statementMap":{"0":{"start":{"line":1,"column":0},"end":{"line":1,"column":34}},"1":{"start":{"line":2,"column":0},"end":{"line":2,"column":36}},"2":{"start":{"line":3,"column":0},"end":{"line":3,"column":40}},"3":{"start":{"line":4,"column":0},"end":{"line":4,"column":42}},"4":{"start":{"line":5,"column":0},"end":{"line":5,"column":34}}},"s":{"0":1,"1":1,"2":1,"3":1,"4":1},"branchMap":{},"b":{},"fnMap":{},"f":{}}
,"/Users/lulin/coding/dm_jsx_flow/src/flow/For.tsx": {"path":"/Users/lulin/coding/dm_jsx_flow/src/flow/For.tsx","all":false,"statementMap":{"0":{"start":{"line":1,"column":0},"end":{"line":1,"column":26}},"1":{"start":{"line":2,"column":0},"end":{"line":2,"column":0}},"2":{"start":{"line":3,"column":0},"end":{"line":3,"column":30}},"3":{"start":{"line":4,"column":0},"end":{"line":4,"column":17}},"4":{"start":{"line":5,"column":0},"end":{"line":5,"column":56}},"5":{"start":{"line":6,"column":0},"end":{"line":6,"column":1}},"6":{"start":{"line":7,"column":0},"end":{"line":7,"column":0}},"7":{"start":{"line":8,"column":0},"end":{"line":8,"column":44}},"8":{"start":{"line":9,"column":0},"end":{"line":9,"column":33}},"9":{"start":{"line":10,"column":0},"end":{"line":10,"column":0}},"10":{"start":{"line":11,"column":0},"end":{"line":11,"column":10}},"11":{"start":{"line":12,"column":0},"end":{"line":12,"column":20}},"12":{"start":{"line":13,"column":0},"end":{"line":13,"column":58}},"13":{"start":{"line":14,"column":0},"end":{"line":14,"column":21}},"14":{"start":{"line":15,"column":0},"end":{"line":15,"column":4}},"15":{"start":{"line":16,"column":0},"end":{"line":16,"column":1}}},"s":{"0":1,"1":1,"2":1,"3":1,"4":1,"5":1,"6":1,"7":1,"8":1,"9":1,"10":1,"11":1,"12":1,"13":1,"14":1,"15":1},"branchMap":{"0":{"type":"branch","line":8,"loc":{"start":{"line":8,"column":7},"end":{"line":16,"column":1}},"locations":[{"start":{"line":8,"column":7},"end":{"line":16,"column":1}}]},"1":{"type":"branch","line":13,"loc":{"start":{"line":13,"column":17},"end":{"line":13,"column":55}},"locations":[{"start":{"line":13,"column":17},"end":{"line":13,"column":55}}]}},"b":{"0":[1],"1":[3]},"fnMap":{"0":{"name":"For","decl":{"start":{"line":8,"column":7},"end":{"line":16,"column":1}},"loc":{"start":{"line":8,"column":7},"end":{"line":16,"column":1}},"line":8}},"f":{"0":1}}
,"/Users/lulin/coding/dm_jsx_flow/src/flow/Match.tsx": {"path":"/Users/lulin/coding/dm_jsx_flow/src/flow/Match.tsx","all":false,"statementMap":{"0":{"start":{"line":1,"column":0},"end":{"line":1,"column":39}},"1":{"start":{"line":2,"column":0},"end":{"line":2,"column":0}},"2":{"start":{"line":3,"column":0},"end":{"line":3,"column":29}},"3":{"start":{"line":4,"column":0},"end":{"line":4,"column":16}},"4":{"start":{"line":5,"column":0},"end":{"line":5,"column":28}},"5":{"start":{"line":6,"column":0},"end":{"line":6,"column":1}},"6":{"start":{"line":7,"column":0},"end":{"line":7,"column":0}},"7":{"start":{"line":8,"column":0},"end":{"line":8,"column":42}},"8":{"start":{"line":9,"column":0},"end":{"line":9,"column":35}},"9":{"start":{"line":10,"column":0},"end":{"line":10,"column":59}},"10":{"start":{"line":11,"column":0},"end":{"line":11,"column":0}},"11":{"start":{"line":12,"column":0},"end":{"line":12,"column":13}},"12":{"start":{"line":13,"column":0},"end":{"line":13,"column":24}},"13":{"start":{"line":14,"column":0},"end":{"line":14,"column":3}},"14":{"start":{"line":15,"column":0},"end":{"line":15,"column":0}},"15":{"start":{"line":16,"column":0},"end":{"line":16,"column":14}},"16":{"start":{"line":17,"column":0},"end":{"line":17,"column":1}},"17":{"start":{"line":18,"column":0},"end":{"line":18,"column":0}},"18":{"start":{"line":19,"column":0},"end":{"line":19,"column":24}}},"s":{"0":1,"1":1,"2":1,"3":1,"4":1,"5":1,"6":1,"7":1,"8":2,"9":2,"10":2,"11":2,"12":1,"13":1,"14":1,"15":1,"16":1,"17":1,"18":1},"branchMap":{"0":{"type":"branch","line":8,"loc":{"start":{"line":8,"column":7},"end":{"line":17,"column":1}},"locations":[{"start":{"line":8,"column":7},"end":{"line":17,"column":1}}]},"1":{"type":"branch","line":12,"loc":{"start":{"line":12,"column":12},"end":{"line":17,"column":1}},"locations":[{"start":{"line":12,"column":12},"end":{"line":17,"column":1}}]},"2":{"type":"branch","line":10,"loc":{"start":{"line":10,"column":31},"end":{"line":10,"column":47}},"locations":[{"start":{"line":10,"column":31},"end":{"line":10,"column":47}}]}},"b":{"0":[2],"1":[1],"2":[2]},"fnMap":{"0":{"name":"Match","decl":{"start":{"line":8,"column":7},"end":{"line":17,"column":1}},"loc":{"start":{"line":8,"column":7},"end":{"line":17,"column":1}},"line":8}},"f":{"0":2}}
,"/Users/lulin/coding/dm_jsx_flow/src/flow/Show.tsx": {"path":"/Users/lulin/coding/dm_jsx_flow/src/flow/Show.tsx","all":false,"statementMap":{"0":{"start":{"line":1,"column":0},"end":{"line":1,"column":39}},"1":{"start":{"line":2,"column":0},"end":{"line":2,"column":0}},"2":{"start":{"line":3,"column":0},"end":{"line":3,"column":28}},"3":{"start":{"line":4,"column":0},"end":{"line":4,"column":28}},"4":{"start":{"line":5,"column":0},"end":{"line":5,"column":16}},"5":{"start":{"line":6,"column":0},"end":{"line":6,"column":29}},"6":{"start":{"line":7,"column":0},"end":{"line":7,"column":1}},"7":{"start":{"line":8,"column":0},"end":{"line":8,"column":0}},"8":{"start":{"line":9,"column":0},"end":{"line":9,"column":40}},"9":{"start":{"line":10,"column":0},"end":{"line":10,"column":45}},"10":{"start":{"line":11,"column":0},"end":{"line":11,"column":0}},"11":{"start":{"line":12,"column":0},"end":{"line":12,"column":59}},"12":{"start":{"line":13,"column":0},"end":{"line":13,"column":59}},"13":{"start":{"line":14,"column":0},"end":{"line":14,"column":0}},"14":{"start":{"line":15,"column":0},"end":{"line":15,"column":44}},"15":{"start":{"line":16,"column":0},"end":{"line":16,"column":1}}},"s":{"0":1,"1":1,"2":1,"3":1,"4":1,"5":1,"6":1,"7":1,"8":1,"9":2,"10":2,"11":2,"12":2,"13":2,"14":2,"15":2},"branchMap":{"0":{"type":"branch","line":9,"loc":{"start":{"line":9,"column":7},"end":{"line":16,"column":1}},"locations":[{"start":{"line":9,"column":7},"end":{"line":16,"column":1}}]},"1":{"type":"branch","line":15,"loc":{"start":{"line":15,"column":9},"end":{"line":15,"column":31}},"locations":[{"start":{"line":15,"column":9},"end":{"line":15,"column":31}}]},"2":{"type":"branch","line":15,"loc":{"start":{"line":15,"column":16},"end":{"line":15,"column":44}},"locations":[{"start":{"line":15,"column":16},"end":{"line":15,"column":44}}]},"3":{"type":"branch","line":12,"loc":{"start":{"line":12,"column":31},"end":{"line":12,"column":47}},"locations":[{"start":{"line":12,"column":31},"end":{"line":12,"column":47}}]},"4":{"type":"branch","line":13,"loc":{"start":{"line":13,"column":31},"end":{"line":13,"column":47}},"locations":[{"start":{"line":13,"column":31},"end":{"line":13,"column":47}}]}},"b":{"0":[2],"1":[1],"2":[1],"3":[2],"4":[2]},"fnMap":{"0":{"name":"Show","decl":{"start":{"line":9,"column":7},"end":{"line":16,"column":1}},"loc":{"start":{"line":9,"column":7},"end":{"line":16,"column":1}},"line":9}},"f":{"0":2}}
,"/Users/lulin/coding/dm_jsx_flow/src/flow/Switch.tsx": {"path":"/Users/lulin/coding/dm_jsx_flow/src/flow/Switch.tsx","all":false,"statementMap":{"0":{"start":{"line":1,"column":0},"end":{"line":1,"column":65}},"1":{"start":{"line":2,"column":0},"end":{"line":2,"column":0}},"2":{"start":{"line":3,"column":0},"end":{"line":3,"column":30}},"3":{"start":{"line":4,"column":0},"end":{"line":4,"column":29}},"4":{"start":{"line":5,"column":0},"end":{"line":5,"column":28}},"5":{"start":{"line":6,"column":0},"end":{"line":6,"column":1}},"6":{"start":{"line":7,"column":0},"end":{"line":7,"column":0}},"7":{"start":{"line":8,"column":0},"end":{"line":8,"column":44}},"8":{"start":{"line":9,"column":0},"end":{"line":9,"column":39}},"9":{"start":{"line":10,"column":0},"end":{"line":10,"column":0}},"10":{"start":{"line":11,"column":0},"end":{"line":11,"column":59}},"11":{"start":{"line":12,"column":0},"end":{"line":12,"column":0}},"12":{"start":{"line":13,"column":0},"end":{"line":13,"column":10}},"13":{"start":{"line":14,"column":0},"end":{"line":14,"column":20}},"14":{"start":{"line":15,"column":0},"end":{"line":15,"column":46}},"15":{"start":{"line":16,"column":0},"end":{"line":16,"column":56}},"16":{"start":{"line":17,"column":0},"end":{"line":17,"column":38}},"17":{"start":{"line":18,"column":0},"end":{"line":18,"column":9}},"18":{"start":{"line":19,"column":0},"end":{"line":19,"column":0}},"19":{"start":{"line":20,"column":0},"end":{"line":20,"column":24}},"20":{"start":{"line":21,"column":0},"end":{"line":21,"column":9}},"21":{"start":{"line":22,"column":0},"end":{"line":22,"column":21}},"22":{"start":{"line":23,"column":0},"end":{"line":23,"column":4}},"23":{"start":{"line":24,"column":0},"end":{"line":24,"column":1}}},"s":{"0":1,"1":1,"2":1,"3":1,"4":1,"5":1,"6":1,"7":1,"8":1,"9":1,"10":1,"11":1,"12":1,"13":1,"14":1,"15":3,"16":2,"17":2,"18":1,"19":1,"20":1,"21":1,"22":1,"23":1},"branchMap":{"0":{"type":"branch","line":8,"loc":{"start":{"line":8,"column":7},"end":{"line":24,"column":1}},"locations":[{"start":{"line":8,"column":7},"end":{"line":24,"column":1}}]},"1":{"type":"branch","line":11,"loc":{"start":{"line":11,"column":31},"end":{"line":11,"column":47}},"locations":[{"start":{"line":11,"column":31},"end":{"line":11,"column":47}}]},"2":{"type":"branch","line":15,"loc":{"start":{"line":15,"column":34},"end":{"line":21,"column":7}},"locations":[{"start":{"line":15,"column":34},"end":{"line":21,"column":7}}]},"3":{"type":"branch","line":16,"loc":{"start":{"line":16,"column":55},"end":{"line":18,"column":9}},"locations":[{"start":{"line":16,"column":55},"end":{"line":18,"column":9}}]},"4":{"type":"branch","line":18,"loc":{"start":{"line":18,"column":8},"end":{"line":20,"column":24}},"locations":[{"start":{"line":18,"column":8},"end":{"line":20,"column":24}}]}},"b":{"0":[1],"1":[1],"2":[3],"3":[2],"4":[1]},"fnMap":{"0":{"name":"Switch","decl":{"start":{"line":8,"column":7},"end":{"line":24,"column":1}},"loc":{"start":{"line":8,"column":7},"end":{"line":24,"column":1}},"line":8}},"f":{"0":1}}
,"/Users/lulin/coding/dm_jsx_flow/src/stories/App.tsx": {"path":"/Users/lulin/coding/dm_jsx_flow/src/stories/App.tsx","all":true,"statementMap":{"0":{"start":{"line":1,"column":0},"end":{"line":1,"column":8}},"1":{"start":{"line":2,"column":0},"end":{"line":2,"column":7}},"2":{"start":{"line":3,"column":0},"end":{"line":3,"column":6}},"3":{"start":{"line":4,"column":0},"end":{"line":4,"column":9}},"4":{"start":{"line":5,"column":0},"end":{"line":5,"column":8}},"5":{"start":{"line":6,"column":0},"end":{"line":6,"column":5}},"6":{"start":{"line":7,"column":0},"end":{"line":7,"column":23}},"7":{"start":{"line":8,"column":0},"end":{"line":8,"column":50}},"8":{"start":{"line":9,"column":0},"end":{"line":9,"column":0}},"9":{"start":{"line":10,"column":0},"end":{"line":10,"column":23}},"10":{"start":{"line":11,"column":0},"end":{"line":11,"column":10}},"11":{"start":{"line":12,"column":0},"end":{"line":12,"column":6}},"12":{"start":{"line":13,"column":0},"end":{"line":13,"column":14}},"13":{"start":{"line":14,"column":0},"end":{"line":14,"column":32}},"14":{"start":{"line":15,"column":0},"end":{"line":15,"column":15}},"15":{"start":{"line":16,"column":0},"end":{"line":16,"column":58}},"16":{"start":{"line":17,"column":0},"end":{"line":17,"column":33}},"17":{"start":{"line":18,"column":0},"end":{"line":18,"column":15}},"18":{"start":{"line":19,"column":0},"end":{"line":19,"column":26}},"19":{"start":{"line":20,"column":0},"end":{"line":20,"column":26}},"20":{"start":{"line":21,"column":0},"end":{"line":21,"column":13}},"21":{"start":{"line":22,"column":0},"end":{"line":22,"column":30}},"22":{"start":{"line":23,"column":0},"end":{"line":23,"column":58}},"23":{"start":{"line":24,"column":0},"end":{"line":24,"column":12}},"24":{"start":{"line":25,"column":0},"end":{"line":25,"column":14}},"25":{"start":{"line":26,"column":0},"end":{"line":26,"column":30}},"26":{"start":{"line":27,"column":0},"end":{"line":27,"column":28}},"27":{"start":{"line":28,"column":0},"end":{"line":28,"column":16}},"28":{"start":{"line":29,"column":0},"end":{"line":29,"column":29}},"29":{"start":{"line":30,"column":0},"end":{"line":30,"column":30}},"30":{"start":{"line":31,"column":0},"end":{"line":31,"column":16}},"31":{"start":{"line":32,"column":0},"end":{"line":32,"column":15}},"32":{"start":{"line":33,"column":0},"end":{"line":33,"column":27}},"33":{"start":{"line":34,"column":0},"end":{"line":34,"column":26}},"34":{"start":{"line":35,"column":0},"end":{"line":35,"column":14}},"35":{"start":{"line":36,"column":0},"end":{"line":36,"column":25}},"36":{"start":{"line":37,"column":0},"end":{"line":37,"column":28}},"37":{"start":{"line":38,"column":0},"end":{"line":38,"column":11}},"38":{"start":{"line":39,"column":0},"end":{"line":39,"column":7}},"39":{"start":{"line":40,"column":0},"end":{"line":40,"column":3}},"40":{"start":{"line":41,"column":0},"end":{"line":41,"column":1}}},"s":{"0":0,"1":0,"2":0,"3":0,"4":0,"5":0,"6":0,"7":0,"8":0,"9":0,"10":0,"11":0,"12":0,"13":0,"14":0,"15":0,"16":0,"17":0,"18":0,"19":0,"20":0,"21":0,"22":0,"23":0,"24":0,"25":0,"26":0,"27":0,"28":0,"29":0,"30":0,"31":0,"32":0,"33":0,"34":0,"35":0,"36":0,"37":0,"38":0,"39":0,"40":0},"branchMap":{"0":{"type":"branch","line":1,"loc":{"start":{"line":1,"column":0},"end":{"line":41,"column":-672}},"locations":[{"start":{"line":1,"column":0},"end":{"line":41,"column":-672}}]}},"b":{"0":[0]},"fnMap":{"0":{"name":"(empty-report)","decl":{"start":{"line":1,"column":0},"end":{"line":41,"column":-672}},"loc":{"start":{"line":1,"column":0},"end":{"line":41,"column":-672}},"line":1}},"f":{"0":0}}
}
